[0.000000] (-) TimerEvent: {}
[0.000246] (-) JobUnselected: {'identifier': 'ros_gz'}
[0.000279] (-) JobUnselected: {'identifier': 'ros_gz_bridge'}
[0.000298] (-) JobUnselected: {'identifier': 'ros_gz_image'}
[0.000315] (-) JobUnselected: {'identifier': 'ros_gz_interfaces'}
[0.000330] (-) JobUnselected: {'identifier': 'ros_gz_sim'}
[0.000346] (-) JobUnselected: {'identifier': 'ros_gz_sim_demos'}
[0.000362] (-) JobUnselected: {'identifier': 'ros_ign'}
[0.000378] (-) JobUnselected: {'identifier': 'ros_ign_bridge'}
[0.000393] (-) JobUnselected: {'identifier': 'ros_ign_gazebo'}
[0.000408] (-) JobUnselected: {'identifier': 'ros_ign_gazebo_demos'}
[0.000422] (-) JobUnselected: {'identifier': 'ros_ign_image'}
[0.000436] (-) JobUnselected: {'identifier': 'ros_ign_interfaces'}
[0.000450] (-) JobUnselected: {'identifier': 'test_ros_gz_bridge'}
[0.000467] (my_robot_controller) JobQueued: {'identifier': 'my_robot_controller', 'dependencies': OrderedDict()}
[0.000486] (my_robot_controller) JobStarted: {'identifier': 'my_robot_controller'}
[0.099016] (-) TimerEvent: {}
[0.199364] (-) TimerEvent: {}
[0.248097] (my_robot_controller) StderrLine: {'line': b'Traceback (most recent call last):\n  File "/usr/lib/python3/dist-packages/colcon_core/executor/__init__.py", line 91, in __call__\n    rc = await self.task(*args, **kwargs)\n  File "/usr/lib/python3/dist-packages/colcon_core/task/__init__.py", line 93, in __call__\n    return await task_method(*args, **kwargs)\n  File "/usr/lib/python3/dist-packages/colcon_ros/task/ament_python/build.py", line 54, in build\n    data_files = get_data_files_mapping(\n  File "/usr/lib/python3/dist-packages/colcon_core/task/python/__init__.py", line 36, in get_data_files_mapping\n    assert len(data_file) == 2\nAssertionError\n'}
[0.249202] (my_robot_controller) JobEnded: {'identifier': 'my_robot_controller', 'rc': 1}
[0.259155] (-) EventReactorShutdown: {}
