[0.711s] Invoking command in '/home/hasanu/susp_test/build/my_robot_controller': PYTHONPATH=/home/hasanu/susp_test/build/my_robot_controller/prefix_override:/usr/lib/python3/dist-packages/colcon_core/task/python/colcon_distutils_commands:/home/hasanu/susp_test/install/my_robot_controller/lib/python3.10/site-packages:${PYTHONPATH} /usr/bin/python3 -W ignore:setup.py install is deprecated -W ignore:easy_install command is deprecated setup.py develop --editable --build-directory /home/hasanu/susp_test/build/my_robot_controller/build --no-deps symlink_data
[0.948s] running develop
[1.105s] running egg_info
[1.116s] writing my_robot_controller.egg-info/PKG-INFO
[1.116s] writing dependency_links to my_robot_controller.egg-info/dependency_links.txt
[1.116s] writing entry points to my_robot_controller.egg-info/entry_points.txt
[1.117s] writing requirements to my_robot_controller.egg-info/requires.txt
[1.117s] writing top-level names to my_robot_controller.egg-info/top_level.txt
[1.141s] reading manifest file 'my_robot_controller.egg-info/SOURCES.txt'
[1.142s] writing manifest file 'my_robot_controller.egg-info/SOURCES.txt'
[1.162s] running build_ext
[1.162s] Creating /home/hasanu/susp_test/install/my_robot_controller/lib/python3.10/site-packages/my-robot-controller.egg-link (link to .)
[1.162s] Installing active_suspension script to /home/hasanu/susp_test/install/my_robot_controller/lib/my_robot_controller
[1.162s] Installing dummy_driver script to /home/hasanu/susp_test/install/my_robot_controller/lib/my_robot_controller
[1.162s] Installing human_tracker script to /home/hasanu/susp_test/install/my_robot_controller/lib/my_robot_controller
[1.163s] Installing imufix_fsf script to /home/hasanu/susp_test/install/my_robot_controller/lib/my_robot_controller
[1.163s] Installing lets_dance script to /home/hasanu/susp_test/install/my_robot_controller/lib/my_robot_controller
[1.163s] Installing old_fsf script to /home/hasanu/susp_test/install/my_robot_controller/lib/my_robot_controller
[1.163s] Installing square_loop script to /home/hasanu/susp_test/install/my_robot_controller/lib/my_robot_controller
[1.163s] 
[1.163s] Installed /home/hasanu/susp_test/build/my_robot_controller
[1.163s] running symlink_data
[1.187s] Invoked command in '/home/hasanu/susp_test/build/my_robot_controller' returned '0': PYTHONPATH=/home/hasanu/susp_test/build/my_robot_controller/prefix_override:/usr/lib/python3/dist-packages/colcon_core/task/python/colcon_distutils_commands:/home/hasanu/susp_test/install/my_robot_controller/lib/python3.10/site-packages:${PYTHONPATH} /usr/bin/python3 -W ignore:setup.py install is deprecated -W ignore:easy_install command is deprecated setup.py develop --editable --build-directory /home/hasanu/susp_test/build/my_robot_controller/build --no-deps symlink_data
