[0.462s] Invoking command in '/home/hasanu/susp_test/build/my_robot_controller': PYTHONPATH=/home/hasanu/susp_test/build/my_robot_controller/prefix_override:/usr/lib/python3/dist-packages/colcon_core/task/python/colcon_distutils_commands:/home/hasanu/susp_test/install/my_robot_controller/lib/python3.10/site-packages:${PYTHONPATH} /usr/bin/python3 -W ignore:setup.py install is deprecated -W ignore:easy_install command is deprecated setup.py develop --editable --build-directory /home/hasanu/susp_test/build/my_robot_controller/build --no-deps symlink_data
[0.652s] running develop
[0.788s] running egg_info
[0.788s] creating my_robot_controller.egg-info
[0.788s] writing my_robot_controller.egg-info/PKG-INFO
[0.788s] writing dependency_links to my_robot_controller.egg-info/dependency_links.txt
[0.788s] writing entry points to my_robot_controller.egg-info/entry_points.txt
[0.789s] writing requirements to my_robot_controller.egg-info/requires.txt
[0.789s] writing top-level names to my_robot_controller.egg-info/top_level.txt
[0.789s] writing manifest file 'my_robot_controller.egg-info/SOURCES.txt'
[0.790s] reading manifest file 'my_robot_controller.egg-info/SOURCES.txt'
[0.791s] writing manifest file 'my_robot_controller.egg-info/SOURCES.txt'
[0.792s] running build_ext
[0.792s] Creating /home/hasanu/susp_test/install/my_robot_controller/lib/python3.10/site-packages/my-robot-controller.egg-link (link to .)
[0.793s] Installing active_suspension script to /home/hasanu/susp_test/install/my_robot_controller/lib/my_robot_controller
[0.793s] Installing dummy_driver script to /home/hasanu/susp_test/install/my_robot_controller/lib/my_robot_controller
[0.793s] Installing human_tracker script to /home/hasanu/susp_test/install/my_robot_controller/lib/my_robot_controller
[0.793s] Installing lets_dance script to /home/hasanu/susp_test/install/my_robot_controller/lib/my_robot_controller
[0.793s] Installing square_loop script to /home/hasanu/susp_test/install/my_robot_controller/lib/my_robot_controller
[0.793s] 
[0.793s] Installed /home/hasanu/susp_test/build/my_robot_controller
[0.793s] running symlink_data
[0.793s] creating /home/hasanu/susp_test/install/my_robot_controller/share/ament_index
[0.793s] creating /home/hasanu/susp_test/install/my_robot_controller/share/ament_index/resource_index
[0.793s] creating /home/hasanu/susp_test/install/my_robot_controller/share/ament_index/resource_index/packages
[0.793s] symbolically linking /home/hasanu/susp_test/build/my_robot_controller/resource/my_robot_controller -> /home/hasanu/susp_test/install/my_robot_controller/share/ament_index/resource_index/packages
[0.794s] symbolically linking /home/hasanu/susp_test/build/my_robot_controller/package.xml -> /home/hasanu/susp_test/install/my_robot_controller/share/my_robot_controller
[0.794s] creating /home/hasanu/susp_test/install/my_robot_controller/share/my_robot_controller/launch
[0.794s] symbolically linking /home/hasanu/susp_test/build/my_robot_controller/launch/sim_launch.py -> /home/hasanu/susp_test/install/my_robot_controller/share/my_robot_controller/launch
[0.794s] creating /home/hasanu/susp_test/install/my_robot_controller/share/my_robot_controller/worlds
[0.794s] symbolically linking /home/hasanu/susp_test/build/my_robot_controller/worlds/grey_robot.sdf -> /home/hasanu/susp_test/install/my_robot_controller/share/my_robot_controller/worlds
[0.794s] symbolically linking /home/hasanu/susp_test/build/my_robot_controller/worlds/basic_chasis_test.sdf -> /home/hasanu/susp_test/install/my_robot_controller/share/my_robot_controller/worlds
[0.794s] symbolically linking /home/hasanu/susp_test/build/my_robot_controller/worlds/grey_robot_rear_wheel.sdf -> /home/hasanu/susp_test/install/my_robot_controller/share/my_robot_controller/worlds
[0.794s] symbolically linking /home/hasanu/susp_test/build/my_robot_controller/worlds/my_world.sdf -> /home/hasanu/susp_test/install/my_robot_controller/share/my_robot_controller/worlds
[0.794s] symbolically linking /home/hasanu/susp_test/build/my_robot_controller/worlds/suspension_robot_backup.sdf -> /home/hasanu/susp_test/install/my_robot_controller/share/my_robot_controller/worlds
[0.794s] symbolically linking /home/hasanu/susp_test/build/my_robot_controller/worlds/red_robot.sdf -> /home/hasanu/susp_test/install/my_robot_controller/share/my_robot_controller/worlds
[0.794s] symbolically linking /home/hasanu/susp_test/build/my_robot_controller/worlds/quarter_car.sdf -> /home/hasanu/susp_test/install/my_robot_controller/share/my_robot_controller/worlds
[0.794s] creating /home/hasanu/susp_test/install/my_robot_controller/share/my_robot_controller/models
[0.794s] creating /home/hasanu/susp_test/install/my_robot_controller/share/my_robot_controller/models/grey_robot
[0.794s] symbolically linking /home/hasanu/susp_test/build/my_robot_controller/models/grey_robot/model.sdf -> /home/hasanu/susp_test/install/my_robot_controller/share/my_robot_controller/models/grey_robot
[0.795s] symbolically linking /home/hasanu/susp_test/build/my_robot_controller/models/grey_robot/model.config -> /home/hasanu/susp_test/install/my_robot_controller/share/my_robot_controller/models/grey_robot
[0.795s] creating /home/hasanu/susp_test/install/my_robot_controller/share/my_robot_controller/models/grey_robot/meshes
[0.795s] symbolically linking /home/hasanu/susp_test/build/my_robot_controller/models/grey_robot/meshes/groundnew.stl -> /home/hasanu/susp_test/install/my_robot_controller/share/my_robot_controller/models/grey_robot/meshes
[0.795s] symbolically linking /home/hasanu/susp_test/build/my_robot_controller/models/grey_robot/meshes/chassis.dae -> /home/hasanu/susp_test/install/my_robot_controller/share/my_robot_controller/models/grey_robot/meshes
[0.795s] creating /home/hasanu/susp_test/install/my_robot_controller/share/my_robot_controller/models/grey_robot_rear_drive
[0.795s] symbolically linking /home/hasanu/susp_test/build/my_robot_controller/models/grey_robot_rear_drive/model.sdf -> /home/hasanu/susp_test/install/my_robot_controller/share/my_robot_controller/models/grey_robot_rear_drive
[0.795s] symbolically linking /home/hasanu/susp_test/build/my_robot_controller/models/grey_robot_rear_drive/model.config -> /home/hasanu/susp_test/install/my_robot_controller/share/my_robot_controller/models/grey_robot_rear_drive
[0.795s] creating /home/hasanu/susp_test/install/my_robot_controller/share/my_robot_controller/models/human_model
[0.795s] symbolically linking /home/hasanu/susp_test/build/my_robot_controller/models/human_model/model.config -> /home/hasanu/susp_test/install/my_robot_controller/share/my_robot_controller/models/human_model
[0.795s] symbolically linking /home/hasanu/susp_test/build/my_robot_controller/models/human_model/model.sdf -> /home/hasanu/susp_test/install/my_robot_controller/share/my_robot_controller/models/human_model
[0.795s] creating /home/hasanu/susp_test/install/my_robot_controller/share/my_robot_controller/models/human_model/meshes
[0.795s] symbolically linking /home/hasanu/susp_test/build/my_robot_controller/models/human_model/meshes/ground.stl -> /home/hasanu/susp_test/install/my_robot_controller/share/my_robot_controller/models/human_model/meshes
[0.795s] symbolically linking /home/hasanu/susp_test/build/my_robot_controller/models/human_model/meshes/body_mesh.dae -> /home/hasanu/susp_test/install/my_robot_controller/share/my_robot_controller/models/human_model/meshes
[0.795s] creating /home/hasanu/susp_test/install/my_robot_controller/share/my_robot_controller/config
[0.795s] symbolically linking /home/hasanu/susp_test/build/my_robot_controller/config/nav2_params.yaml -> /home/hasanu/susp_test/install/my_robot_controller/share/my_robot_controller/config
[0.818s] Invoked command in '/home/hasanu/susp_test/build/my_robot_controller' returned '0': PYTHONPATH=/home/hasanu/susp_test/build/my_robot_controller/prefix_override:/usr/lib/python3/dist-packages/colcon_core/task/python/colcon_distutils_commands:/home/hasanu/susp_test/install/my_robot_controller/lib/python3.10/site-packages:${PYTHONPATH} /usr/bin/python3 -W ignore:setup.py install is deprecated -W ignore:easy_install command is deprecated setup.py develop --editable --build-directory /home/hasanu/susp_test/build/my_robot_controller/build --no-deps symlink_data
