[0.000000] (-) TimerEvent: {}
[0.000406] (-) JobUnselected: {'identifier': 'ros_gz'}
[0.000673] (-) JobUnselected: {'identifier': 'ros_gz_bridge'}
[0.000721] (-) JobUnselected: {'identifier': 'ros_gz_image'}
[0.000776] (-) JobUnselected: {'identifier': 'ros_gz_interfaces'}
[0.000826] (-) JobUnselected: {'identifier': 'ros_gz_sim'}
[0.000853] (-) JobUnselected: {'identifier': 'ros_gz_sim_demos'}
[0.000876] (-) JobUnselected: {'identifier': 'ros_ign'}
[0.000898] (-) JobUnselected: {'identifier': 'ros_ign_bridge'}
[0.000919] (-) JobUnselected: {'identifier': 'ros_ign_gazebo'}
[0.000941] (-) JobUnselected: {'identifier': 'ros_ign_gazebo_demos'}
[0.000963] (-) JobUnselected: {'identifier': 'ros_ign_image'}
[0.000984] (-) JobUnselected: {'identifier': 'ros_ign_interfaces'}
[0.001005] (-) JobUnselected: {'identifier': 'test_ros_gz_bridge'}
[0.001030] (my_robot_controller) JobQueued: {'identifier': 'my_robot_controller', 'dependencies': OrderedDict()}
[0.001058] (my_robot_controller) JobStarted: {'identifier': 'my_robot_controller'}
[0.099798] (-) TimerEvent: {}
[0.126835] (my_robot_controller) StderrLine: {'line': b'Traceback (most recent call last):\n  File "/usr/lib/python3/dist-packages/colcon_core/executor/__init__.py", line 91, in __call__\n    rc = await self.task(*args, **kwargs)\n  File "/usr/lib/python3/dist-packages/colcon_core/task/__init__.py", line 93, in __call__\n    return await task_method(*args, **kwargs)\n  File "/usr/lib/python3/dist-packages/colcon_ros/task/ament_python/build.py", line 51, in build\n    setup_py_data = get_setup_data(self.context.pkg, env)\n  File "/usr/lib/python3/dist-packages/colcon_core/task/python/__init__.py", line 20, in get_setup_data\n    return dict(pkg.metadata[key](env))\n  File "/usr/lib/python3/dist-packages/colcon_ros/package_augmentation/ros_ament_python.py", line 57, in getter\n    return get_setup_information(\n  File "/usr/lib/python3/dist-packages/colcon_python_setup_py/package_identification/python_setup_py.py", line 249, in get_setup_information\n    _setup_information_cache[hashable_env] = _get_setup_information(\n  File "/usr/lib/python3/dist-packages/colcon_python_setup_py/package_identification/python_setup_py.py", line 296, in _get_setup_information\n    result = subprocess.run(\n  File "/usr/lib/python3.10/subprocess.py", line 526, in run\n    raise CalledProcessError(retcode, process.args,\nsubprocess.CalledProcessError: Command \'[\'/usr/bin/python3\', \'-c\', \'import sys;from contextlib import suppress;exec("with suppress(ImportError):    from setuptools.extern.packaging.specifiers    import SpecifierSet");exec("with suppress(ImportError):    from packaging.specifiers import SpecifierSet");from distutils.core import run_setup;dist = run_setup(    \\\'setup.py\\\', script_args=(\\\'--dry-run\\\',), stop_after=\\\'config\\\');skip_keys = (\\\'cmdclass\\\', \\\'distclass\\\', \\\'ext_modules\\\', \\\'metadata\\\');data = {    key: value for key, value in dist.__dict__.items()     if (        not key.startswith(\\\'_\\\') and         not callable(value) and         key not in skip_keys and         key not in dist.display_option_names    )};data[\\\'metadata\\\'] = {    k: v for k, v in dist.metadata.__dict__.items()     if k not in (\\\'license_files\\\', \\\'provides_extras\\\')};sys.stdout.buffer.write(repr(data).encode(\\\'utf-8\\\'))\']\' returned non-zero exit status 1.\n'}
[0.127689] (my_robot_controller) JobEnded: {'identifier': 'my_robot_controller', 'rc': 1}
[0.137534] (-) EventReactorShutdown: {}
