[0.727s] Invoking command in '/home/hasanu/susp_test/build/my_robot_controller': PYTHONPATH=/home/hasanu/susp_test/build/my_robot_controller/prefix_override:/usr/lib/python3/dist-packages/colcon_core/task/python/colcon_distutils_commands:/home/hasanu/susp_test/install/my_robot_controller/lib/python3.10/site-packages:${PYTHONPATH} /usr/bin/python3 -W ignore:setup.py install is deprecated -W ignore:easy_install command is deprecated setup.py develop --editable --build-directory /home/hasanu/susp_test/build/my_robot_controller/build --no-deps symlink_data
[0.962s] running develop
[1.120s] running egg_info
[1.131s] writing my_robot_controller.egg-info/PKG-INFO
[1.132s] writing dependency_links to my_robot_controller.egg-info/dependency_links.txt
[1.132s] writing entry points to my_robot_controller.egg-info/entry_points.txt
[1.132s] writing requirements to my_robot_controller.egg-info/requires.txt
[1.132s] writing top-level names to my_robot_controller.egg-info/top_level.txt
[1.156s] reading manifest file 'my_robot_controller.egg-info/SOURCES.txt'
[1.157s] writing manifest file 'my_robot_controller.egg-info/SOURCES.txt'
[1.178s] running build_ext
[1.178s] Creating /home/hasanu/susp_test/install/my_robot_controller/lib/python3.10/site-packages/my-robot-controller.egg-link (link to .)
[1.178s] Installing active_suspension script to /home/hasanu/susp_test/install/my_robot_controller/lib/my_robot_controller
[1.178s] Installing dummy_driver script to /home/hasanu/susp_test/install/my_robot_controller/lib/my_robot_controller
[1.178s] Installing human_tracker script to /home/hasanu/susp_test/install/my_robot_controller/lib/my_robot_controller
[1.178s] Installing imufix_fsf script to /home/hasanu/susp_test/install/my_robot_controller/lib/my_robot_controller
[1.178s] Installing lets_dance script to /home/hasanu/susp_test/install/my_robot_controller/lib/my_robot_controller
[1.178s] Installing old_fsf script to /home/hasanu/susp_test/install/my_robot_controller/lib/my_robot_controller
[1.179s] Installing square_loop script to /home/hasanu/susp_test/install/my_robot_controller/lib/my_robot_controller
[1.179s] 
[1.179s] Installed /home/hasanu/susp_test/build/my_robot_controller
[1.179s] running symlink_data
[1.179s] creating /home/hasanu/susp_test/install/my_robot_controller/share/my_robot_controller/models/stopwithnew
[1.179s] symbolically linking /home/hasanu/susp_test/build/my_robot_controller/models/stopwithnew/model.config -> /home/hasanu/susp_test/install/my_robot_controller/share/my_robot_controller/models/stopwithnew
[1.179s] symbolically linking /home/hasanu/susp_test/build/my_robot_controller/models/stopwithnew/model.sdf -> /home/hasanu/susp_test/install/my_robot_controller/share/my_robot_controller/models/stopwithnew
[1.180s] creating /home/hasanu/susp_test/install/my_robot_controller/share/my_robot_controller/models/stopwithnew/materials
[1.180s] creating /home/hasanu/susp_test/install/my_robot_controller/share/my_robot_controller/models/stopwithnew/materials/scripts
[1.180s] symbolically linking /home/hasanu/susp_test/build/my_robot_controller/models/stopwithnew/materials/scripts/stop sign.material -> /home/hasanu/susp_test/install/my_robot_controller/share/my_robot_controller/models/stopwithnew/materials/scripts
[1.180s] creating /home/hasanu/susp_test/install/my_robot_controller/share/my_robot_controller/models/stopwithnew/materials/textures
[1.180s] symbolically linking /home/hasanu/susp_test/build/my_robot_controller/models/stopwithnew/materials/textures/StopSign Spec.png -> /home/hasanu/susp_test/install/my_robot_controller/share/my_robot_controller/models/stopwithnew/materials/textures
[1.180s] symbolically linking /home/hasanu/susp_test/build/my_robot_controller/models/stopwithnew/materials/textures/StopSign Diffuse.png -> /home/hasanu/susp_test/install/my_robot_controller/share/my_robot_controller/models/stopwithnew/materials/textures
[1.180s] creating /home/hasanu/susp_test/install/my_robot_controller/share/my_robot_controller/models/stopwithnew/meshes
[1.180s] symbolically linking /home/hasanu/susp_test/build/my_robot_controller/models/stopwithnew/meshes/stop sign.dae -> /home/hasanu/susp_test/install/my_robot_controller/share/my_robot_controller/models/stopwithnew/meshes
[1.180s] creating /home/hasanu/susp_test/install/my_robot_controller/share/my_robot_controller/models/stopwithnew/thumbnails
[1.180s] symbolically linking /home/hasanu/susp_test/build/my_robot_controller/models/stopwithnew/thumbnails/3.png -> /home/hasanu/susp_test/install/my_robot_controller/share/my_robot_controller/models/stopwithnew/thumbnails
[1.180s] symbolically linking /home/hasanu/susp_test/build/my_robot_controller/models/stopwithnew/thumbnails/5.png -> /home/hasanu/susp_test/install/my_robot_controller/share/my_robot_controller/models/stopwithnew/thumbnails
[1.180s] symbolically linking /home/hasanu/susp_test/build/my_robot_controller/models/stopwithnew/thumbnails/4.png -> /home/hasanu/susp_test/install/my_robot_controller/share/my_robot_controller/models/stopwithnew/thumbnails
[1.180s] symbolically linking /home/hasanu/susp_test/build/my_robot_controller/models/stopwithnew/thumbnails/2.png -> /home/hasanu/susp_test/install/my_robot_controller/share/my_robot_controller/models/stopwithnew/thumbnails
[1.180s] symbolically linking /home/hasanu/susp_test/build/my_robot_controller/models/stopwithnew/thumbnails/1.png -> /home/hasanu/susp_test/install/my_robot_controller/share/my_robot_controller/models/stopwithnew/thumbnails
[1.205s] Invoked command in '/home/hasanu/susp_test/build/my_robot_controller' returned '0': PYTHONPATH=/home/hasanu/susp_test/build/my_robot_controller/prefix_override:/usr/lib/python3/dist-packages/colcon_core/task/python/colcon_distutils_commands:/home/hasanu/susp_test/install/my_robot_controller/lib/python3.10/site-packages:${PYTHONPATH} /usr/bin/python3 -W ignore:setup.py install is deprecated -W ignore:easy_install command is deprecated setup.py develop --editable --build-directory /home/hasanu/susp_test/build/my_robot_controller/build --no-deps symlink_data
