[0.714s] Invoking command in '/home/hasanu/susp_test/build/my_robot_controller': PYTHONPATH=/home/hasanu/susp_test/build/my_robot_controller/prefix_override:/usr/lib/python3/dist-packages/colcon_core/task/python/colcon_distutils_commands:/home/hasanu/susp_test/install/my_robot_controller/lib/python3.10/site-packages:${PYTHONPATH} /usr/bin/python3 -W ignore:setup.py install is deprecated -W ignore:easy_install command is deprecated setup.py develop --editable --build-directory /home/hasanu/susp_test/build/my_robot_controller/build --no-deps symlink_data --force
[0.950s] running develop
[1.107s] running egg_info
[1.118s] writing my_robot_controller.egg-info/PKG-INFO
[1.118s] writing dependency_links to my_robot_controller.egg-info/dependency_links.txt
[1.119s] writing entry points to my_robot_controller.egg-info/entry_points.txt
[1.119s] writing requirements to my_robot_controller.egg-info/requires.txt
[1.119s] writing top-level names to my_robot_controller.egg-info/top_level.txt
[1.143s] reading manifest file 'my_robot_controller.egg-info/SOURCES.txt'
[1.144s] writing manifest file 'my_robot_controller.egg-info/SOURCES.txt'
[1.163s] running build_ext
[1.163s] Creating /home/hasanu/susp_test/install/my_robot_controller/lib/python3.10/site-packages/my-robot-controller.egg-link (link to .)
[1.164s] Installing active_suspension script to /home/hasanu/susp_test/install/my_robot_controller/lib/my_robot_controller
[1.164s] Installing dummy_driver script to /home/hasanu/susp_test/install/my_robot_controller/lib/my_robot_controller
[1.164s] Installing human_tracker script to /home/hasanu/susp_test/install/my_robot_controller/lib/my_robot_controller
[1.164s] Installing imufix_fsf script to /home/hasanu/susp_test/install/my_robot_controller/lib/my_robot_controller
[1.164s] Installing lets_dance script to /home/hasanu/susp_test/install/my_robot_controller/lib/my_robot_controller
[1.164s] Installing old_fsf script to /home/hasanu/susp_test/install/my_robot_controller/lib/my_robot_controller
[1.165s] Installing square_loop script to /home/hasanu/susp_test/install/my_robot_controller/lib/my_robot_controller
[1.165s] 
[1.165s] Installed /home/hasanu/susp_test/build/my_robot_controller
[1.165s] running symlink_data
[1.165s] symbolically linking /home/hasanu/susp_test/build/my_robot_controller/resource/my_robot_controller -> /home/hasanu/susp_test/install/my_robot_controller/share/ament_index/resource_index/packages
[1.165s] symbolically linking /home/hasanu/susp_test/build/my_robot_controller/package.xml -> /home/hasanu/susp_test/install/my_robot_controller/share/my_robot_controller
[1.165s] symbolically linking /home/hasanu/susp_test/build/my_robot_controller/launch/sim_launch.py -> /home/hasanu/susp_test/install/my_robot_controller/share/my_robot_controller/launch
[1.165s] symbolically linking /home/hasanu/susp_test/build/my_robot_controller/worlds/grey_robot.sdf -> /home/hasanu/susp_test/install/my_robot_controller/share/my_robot_controller/worlds
[1.165s] symbolically linking /home/hasanu/susp_test/build/my_robot_controller/worlds/basic_chasis_test.sdf -> /home/hasanu/susp_test/install/my_robot_controller/share/my_robot_controller/worlds
[1.165s] symbolically linking /home/hasanu/susp_test/build/my_robot_controller/worlds/grey_robot_rear_wheel.sdf -> /home/hasanu/susp_test/install/my_robot_controller/share/my_robot_controller/worlds
[1.165s] symbolically linking /home/hasanu/susp_test/build/my_robot_controller/worlds/my_world.sdf -> /home/hasanu/susp_test/install/my_robot_controller/share/my_robot_controller/worlds
[1.165s] symbolically linking /home/hasanu/susp_test/build/my_robot_controller/worlds/suspension_robot_backup.sdf -> /home/hasanu/susp_test/install/my_robot_controller/share/my_robot_controller/worlds
[1.166s] symbolically linking /home/hasanu/susp_test/build/my_robot_controller/worlds/red_robot.sdf -> /home/hasanu/susp_test/install/my_robot_controller/share/my_robot_controller/worlds
[1.166s] symbolically linking /home/hasanu/susp_test/build/my_robot_controller/worlds/quarter_car.sdf -> /home/hasanu/susp_test/install/my_robot_controller/share/my_robot_controller/worlds
[1.166s] symbolically linking /home/hasanu/susp_test/build/my_robot_controller/models/human_model/model.config -> /home/hasanu/susp_test/install/my_robot_controller/share/my_robot_controller/models/human_model
[1.166s] symbolically linking /home/hasanu/susp_test/build/my_robot_controller/models/human_model/model.sdf -> /home/hasanu/susp_test/install/my_robot_controller/share/my_robot_controller/models/human_model
[1.166s] symbolically linking /home/hasanu/susp_test/build/my_robot_controller/models/human_model/meshes/ground.stl -> /home/hasanu/susp_test/install/my_robot_controller/share/my_robot_controller/models/human_model/meshes
[1.166s] symbolically linking /home/hasanu/susp_test/build/my_robot_controller/models/human_model/meshes/body_mesh.dae -> /home/hasanu/susp_test/install/my_robot_controller/share/my_robot_controller/models/human_model/meshes
[1.166s] error: can't copy '/home/hasanu/susp_test/build/my_robot_controller/models/stopwithnew/model.config': doesn't exist or not a regular file
[1.188s] Invoked command in '/home/hasanu/susp_test/build/my_robot_controller' returned '1': PYTHONPATH=/home/hasanu/susp_test/build/my_robot_controller/prefix_override:/usr/lib/python3/dist-packages/colcon_core/task/python/colcon_distutils_commands:/home/hasanu/susp_test/install/my_robot_controller/lib/python3.10/site-packages:${PYTHONPATH} /usr/bin/python3 -W ignore:setup.py install is deprecated -W ignore:easy_install command is deprecated setup.py develop --editable --build-directory /home/hasanu/susp_test/build/my_robot_controller/build --no-deps symlink_data --force
