running develop
running egg_info
writing my_robot_controller.egg-info/PKG-INFO
writing dependency_links to my_robot_controller.egg-info/dependency_links.txt
writing entry points to my_robot_controller.egg-info/entry_points.txt
writing requirements to my_robot_controller.egg-info/requires.txt
writing top-level names to my_robot_controller.egg-info/top_level.txt
reading manifest file 'my_robot_controller.egg-info/SOURCES.txt'
writing manifest file 'my_robot_controller.egg-info/SOURCES.txt'
running build_ext
Creating /home/hasanu/susp_test/install/my_robot_controller/lib/python3.10/site-packages/my-robot-controller.egg-link (link to .)
Installing active_suspension script to /home/hasanu/susp_test/install/my_robot_controller/lib/my_robot_controller
Installing dummy_driver script to /home/hasanu/susp_test/install/my_robot_controller/lib/my_robot_controller
Installing human_tracker script to /home/hasanu/susp_test/install/my_robot_controller/lib/my_robot_controller
Installing imufix_fsf script to /home/hasanu/susp_test/install/my_robot_controller/lib/my_robot_controller
Installing lets_dance script to /home/hasanu/susp_test/install/my_robot_controller/lib/my_robot_controller
Installing old_fsf script to /home/hasanu/susp_test/install/my_robot_controller/lib/my_robot_controller
Installing square_loop script to /home/hasanu/susp_test/install/my_robot_controller/lib/my_robot_controller

Installed /home/hasanu/susp_test/build/my_robot_controller
running symlink_data
creating /home/hasanu/susp_test/install/my_robot_controller/share/my_robot_controller/models/stopsign
symbolically linking /home/hasanu/susp_test/build/my_robot_controller/models/stopsign/model.config -> /home/hasanu/susp_test/install/my_robot_controller/share/my_robot_controller/models/stopsign
symbolically linking /home/hasanu/susp_test/build/my_robot_controller/models/stopsign/model.sdf -> /home/hasanu/susp_test/install/my_robot_controller/share/my_robot_controller/models/stopsign
symbolically linking /home/hasanu/susp_test/build/my_robot_controller/models/stopsign/model-1_4.sdf -> /home/hasanu/susp_test/install/my_robot_controller/share/my_robot_controller/models/stopsign
symbolically linking /home/hasanu/susp_test/build/my_robot_controller/models/stopsign/model-1_3.sdf -> /home/hasanu/susp_test/install/my_robot_controller/share/my_robot_controller/models/stopsign
creating /home/hasanu/susp_test/install/my_robot_controller/share/my_robot_controller/models/stopsign/materials
creating /home/hasanu/susp_test/install/my_robot_controller/share/my_robot_controller/models/stopsign/materials/scripts
symbolically linking /home/hasanu/susp_test/build/my_robot_controller/models/stopsign/materials/scripts/stopsign.material -> /home/hasanu/susp_test/install/my_robot_controller/share/my_robot_controller/models/stopsign/materials/scripts
creating /home/hasanu/susp_test/install/my_robot_controller/share/my_robot_controller/models/stopsign/materials/textures
symbolically linking /home/hasanu/susp_test/build/my_robot_controller/models/stopsign/materials/textures/StopSign_Spec.png -> /home/hasanu/susp_test/install/my_robot_controller/share/my_robot_controller/models/stopsign/materials/textures
symbolically linking /home/hasanu/susp_test/build/my_robot_controller/models/stopsign/materials/textures/StopSign_Diffuse.png -> /home/hasanu/susp_test/install/my_robot_controller/share/my_robot_controller/models/stopsign/materials/textures
creating /home/hasanu/susp_test/install/my_robot_controller/share/my_robot_controller/models/stopsign/meshes
symbolically linking /home/hasanu/susp_test/build/my_robot_controller/models/stopsign/meshes/stop_sign.dae -> /home/hasanu/susp_test/install/my_robot_controller/share/my_robot_controller/models/stopsign/meshes
creating /home/hasanu/susp_test/install/my_robot_controller/share/my_robot_controller/models/stopsign/thumbnails
symbolically linking /home/hasanu/susp_test/build/my_robot_controller/models/stopsign/thumbnails/3.png -> /home/hasanu/susp_test/install/my_robot_controller/share/my_robot_controller/models/stopsign/thumbnails
symbolically linking /home/hasanu/susp_test/build/my_robot_controller/models/stopsign/thumbnails/5.png -> /home/hasanu/susp_test/install/my_robot_controller/share/my_robot_controller/models/stopsign/thumbnails
symbolically linking /home/hasanu/susp_test/build/my_robot_controller/models/stopsign/thumbnails/4.png -> /home/hasanu/susp_test/install/my_robot_controller/share/my_robot_controller/models/stopsign/thumbnails
symbolically linking /home/hasanu/susp_test/build/my_robot_controller/models/stopsign/thumbnails/2.png -> /home/hasanu/susp_test/install/my_robot_controller/share/my_robot_controller/models/stopsign/thumbnails
symbolically linking /home/hasanu/susp_test/build/my_robot_controller/models/stopsign/thumbnails/1.png -> /home/hasanu/susp_test/install/my_robot_controller/share/my_robot_controller/models/stopsign/thumbnails
