[0.010s] Invoking command in '/home/hasanu/susp_test/src/build/ros_gz_bridge': CMAKE_PREFIX_PATH=/opt/ros/humble /usr/bin/cmake /home/hasanu/susp_test/src/ros_gz/ros_gz_bridge -DAMENT_CMAKE_SYMLINK_INSTALL=1 -DCMAKE_INSTALL_PREFIX=/home/hasanu/susp_test/src/install/ros_gz_bridge
[0.116s] -- The C compiler identification is GNU 11.4.0
[0.210s] -- The CXX compiler identification is GNU 11.4.0
[0.222s] -- Detecting C compiler ABI info
[0.301s] -- Detecting C compiler ABI info - done
[0.308s] -- Check for working C compiler: /usr/bin/cc - skipped
[0.309s] -- Detecting C compile features
[0.309s] -- Detecting C compile features - done
[0.313s] -- Detecting CXX compiler ABI info
[0.401s] -- Detecting CXX compiler ABI info - done
[0.409s] -- Check for working CXX compiler: /usr/bin/c++ - skipped
[0.409s] -- Detecting CXX compile features
[0.409s] -- Detecting CXX compile features - done
[0.418s] -- Found ament_cmake: 1.3.13 (/opt/ros/humble/share/ament_cmake/cmake)
[0.574s] -- Found Python3: /usr/bin/python3 (found version "3.10.12") found components: Interpreter 
[0.623s] -- Override CMake install command with custom implementation using symlinks instead of copying resources
[0.654s] -- Found rclcpp: 16.0.18 (/opt/ros/humble/share/rclcpp/cmake)
[0.694s] -- Found rosidl_generator_c: 3.1.8 (/opt/ros/humble/share/rosidl_generator_c/cmake)
[0.699s] -- Found rosidl_adapter: 3.1.8 (/opt/ros/humble/share/rosidl_adapter/cmake)
[0.707s] -- Found rosidl_generator_cpp: 3.1.8 (/opt/ros/humble/share/rosidl_generator_cpp/cmake)
[0.718s] -- Using all available rosidl_typesupport_c: rosidl_typesupport_fastrtps_c;rosidl_typesupport_introspection_c
[0.733s] -- Using all available rosidl_typesupport_cpp: rosidl_typesupport_fastrtps_cpp;rosidl_typesupport_introspection_cpp
[0.772s] -- Found rmw_implementation_cmake: 6.1.2 (/opt/ros/humble/share/rmw_implementation_cmake/cmake)
[0.774s] -- Found rmw_fastrtps_cpp: 6.2.10 (/opt/ros/humble/share/rmw_fastrtps_cpp/cmake)
[0.861s] -- Found OpenSSL: /usr/lib/x86_64-linux-gnu/libcrypto.so (found version "3.0.2")  
[0.886s] -- Found FastRTPS: /opt/ros/humble/include  
[0.926s] -- Using RMW implementation 'rmw_fastrtps_cpp' as default
[0.933s] -- Looking for pthread.h
[0.999s] -- Looking for pthread.h - found
[1.000s] -- Performing Test CMAKE_HAVE_LIBC_PTHREAD
[1.060s] -- Performing Test CMAKE_HAVE_LIBC_PTHREAD - Success
[1.061s] -- Found Threads: TRUE  
[1.108s] -- Found rclcpp_components: 16.0.18 (/opt/ros/humble/share/rclcpp_components/cmake)
[1.136s] -- Found yaml_cpp_vendor: 8.0.2 (/opt/ros/humble/share/yaml_cpp_vendor/cmake)
[1.141s] -- Looking for gz-transport13 -- found version 13.5.0
[1.146s] -- Searching for dependencies of gz-transport13
[1.169s] -- Found Protobuf: /usr/lib/x86_64-linux-gnu/libprotobuf.so (found version "3.12.4") 
[1.180s] -- Config-file not installed for ZeroMQ -- checking for pkg-config
[1.185s] -- Checking for module 'libzmq >= 4'
[1.197s] --   Found libzmq , version 4.3.4
[1.232s] -- Found ZeroMQ: TRUE (Required is at least version "4") 
[1.237s] -- Checking for module 'uuid'
[1.248s] --   Found uuid, version 2.37.2
[1.280s] -- Found UUID: TRUE  
[1.282s] -- Looking for gz-utils2 -- found version 2.2.1
[1.282s] -- Searching for dependencies of gz-utils2
[1.282s] -- Searching for <gz-utils2> component [cli]
[1.284s] -- Looking for gz-utils2-cli -- found version 2.2.1
[1.284s] -- Searching for dependencies of gz-utils2-cli
[1.286s] -- Looking for gz-msgs10 -- found version 10.3.2
[1.287s] -- Searching for dependencies of gz-msgs10
[1.303s] -- Looking for gz-utils2 -- found version 2.2.1
[1.305s] -- Looking for gz-math7 -- found version 7.5.1
[1.305s] -- Searching for dependencies of gz-math7
[1.305s] -- Looking for gz-utils2 -- found version 2.2.1
[1.310s] -- Checking for module 'tinyxml2'
[1.321s] --   Found tinyxml2, version 9.0.0
[1.351s] -- Looking for gz-msgs10 -- found version 10.3.2
[1.351s] -- Compiling against Gazebo Harmonic
[1.351s] -- Found builtin_interfaces: 1.2.2 (/opt/ros/humble/share/builtin_interfaces/cmake)
[1.365s] -- Found actuator_msgs: 0.0.1 (/opt/ros/humble/share/actuator_msgs/cmake)
[1.377s] -- Found geometry_msgs: 4.9.1 (/opt/ros/humble/share/geometry_msgs/cmake)
[1.387s] -- Found gps_msgs: 2.1.1 (/opt/ros/humble/share/gps_msgs/cmake)
[1.402s] -- Found nav_msgs: 4.9.1 (/opt/ros/humble/share/nav_msgs/cmake)
[1.402s] -- Found rcl_interfaces: 1.2.2 (/opt/ros/humble/share/rcl_interfaces/cmake)
[1.417s] -- Found ros_gz_interfaces: 0.244.22 (/opt/ros/humble/share/ros_gz_interfaces/cmake)
[1.418s] -- Found rosgraph_msgs: 1.2.2 (/opt/ros/humble/share/rosgraph_msgs/cmake)
[1.432s] -- Found sensor_msgs: 4.9.1 (/opt/ros/humble/share/sensor_msgs/cmake)
[1.432s] -- Found std_msgs: 4.9.1 (/opt/ros/humble/share/std_msgs/cmake)
[1.470s] -- Found tf2_msgs: 0.25.19 (/opt/ros/humble/share/tf2_msgs/cmake)
[1.484s] -- Found trajectory_msgs: 4.9.1 (/opt/ros/humble/share/trajectory_msgs/cmake)
[1.497s] -- Found vision_msgs: 4.1.1 (/opt/ros/humble/share/vision_msgs/cmake)
[1.562s] -- Found ament_lint_auto: 0.12.15 (/opt/ros/humble/share/ament_lint_auto/cmake)
[1.637s] -- Found python_cmake_module: 0.10.0 (/opt/ros/humble/share/python_cmake_module/cmake)
[1.653s] -- Found PythonInterp: /usr/bin/python3 (found suitable version "3.10.12", minimum required is "3.6") 
[1.658s] -- Found PythonLibs: /usr/lib/x86_64-linux-gnu/libpython3.10.so (found suitable version "3.10.12", minimum required is "3.5") 
[1.658s] -- Using PYTHON_EXECUTABLE: /usr/bin/python3
[1.658s] -- Using PYTHON_INCLUDE_DIRS: /usr/include/python3.10
[1.659s] -- Using PYTHON_LIBRARIES: /usr/lib/x86_64-linux-gnu/libpython3.10.so
[1.675s] -- Found PythonExtra: .so  
[1.700s] -- Found gtest sources under '/opt/ros/humble/src/gtest_vendor': C++ tests using 'Google Test' will be built
[1.721s] -- Added test 'copyright' to check source files copyright and LICENSE
[1.726s] -- Added test 'cppcheck' to perform static code analysis on C / C++ code
[1.726s] -- Configured cppcheck include dirs: $<BUILD_INTERFACE:/home/hasanu/susp_test/src/ros_gz/ros_gz_bridge/include>;$<BUILD_INTERFACE:/home/hasanu/susp_test/src/ros_gz/ros_gz_bridge/src>;/home/hasanu/susp_test/src/ros_gz/ros_gz_bridge/include;/home/hasanu/susp_test/src/ros_gz/ros_gz_bridge/test;/home/hasanu/susp_test/src/ros_gz/ros_gz_bridge/test/subscribers;/home/hasanu/susp_test/src/ros_gz/ros_gz_bridge/src
[1.726s] -- Configured cppcheck exclude dirs and/or files: 
[1.730s] -- Added test 'cpplint' to check C / C++ code against the Google style
[1.731s] -- Configured cpplint exclude dirs and/or files: 
[1.731s] -- Added test 'flake8' to check Python code syntax and style conventions
[1.733s] -- Added test 'lint_cmake' to check CMake code style
[1.734s] -- Added test 'pep257' to check Python code against some of the docstring style conventions in PEP 257
[1.738s] -- Added test 'uncrustify' to check C / C++ code style
[1.738s] -- Configured uncrustify additional arguments: 
[1.739s] -- Added test 'xmllint' to check XML markup files
[1.743s] -- Configuring done
[1.815s] -- Generating done
[1.839s] -- Build files have been written to: /home/hasanu/susp_test/src/build/ros_gz_bridge
[1.853s] Invoked command in '/home/hasanu/susp_test/src/build/ros_gz_bridge' returned '0': CMAKE_PREFIX_PATH=/opt/ros/humble /usr/bin/cmake /home/hasanu/susp_test/src/ros_gz/ros_gz_bridge -DAMENT_CMAKE_SYMLINK_INSTALL=1 -DCMAKE_INSTALL_PREFIX=/home/hasanu/susp_test/src/install/ros_gz_bridge
[1.855s] Invoking command in '/home/hasanu/susp_test/src/build/ros_gz_bridge': CMAKE_PREFIX_PATH=/opt/ros/humble /usr/bin/cmake --build /home/hasanu/susp_test/src/build/ros_gz_bridge -- -j12 -l12
[1.893s] [  1%] [34m[1mGenerating factories for interface types[0m
[1.902s] [  3%] [32mBuilding CXX object gtest/CMakeFiles/gtest.dir/src/gtest-all.cc.o[0m
[1.902s] [  4%] [32mBuilding CXX object gtest/CMakeFiles/gtest_main.dir/src/gtest_main.cc.o[0m
[1.902s] [  4%] [32mBuilding CXX object CMakeFiles/bridge_node.dir/rclcpp_components/node_main_bridge_node.cpp.o[0m
[2.030s] [ 11%] [32mBuilding CXX object CMakeFiles/ros_gz_bridge.dir/src/bridge_handle_gz_to_ros.cpp.o[0m
[2.030s] [ 11%] [32mBuilding CXX object CMakeFiles/ros_gz_bridge.dir/src/bridge_config.cpp.o[0m
[2.030s] [ 11%] [32mBuilding CXX object CMakeFiles/ros_gz_bridge.dir/src/factory_interface.cpp.o[0m
[2.030s] [ 11%] [32mBuilding CXX object CMakeFiles/ros_gz_bridge.dir/src/bridge_handle.cpp.o[0m
[2.030s] [ 11%] [32mBuilding CXX object CMakeFiles/ros_gz_bridge.dir/src/service_factories/ros_gz_interfaces.cpp.o[0m
[2.030s] [ 11%] [32mBuilding CXX object CMakeFiles/ros_gz_bridge.dir/src/service_factory_interface.cpp.o[0m
[2.030s] [ 11%] [32mBuilding CXX object CMakeFiles/ros_gz_bridge.dir/src/bridge_handle_ros_to_gz.cpp.o[0m
[2.030s] [ 12%] [32mBuilding CXX object CMakeFiles/ros_gz_bridge.dir/src/ros_gz_bridge.cpp.o[0m
[2.030s] [ 13%] [32mBuilding CXX object CMakeFiles/ros_gz_bridge.dir/src/convert/utils.cpp.o[0m
[2.301s] [ 15%] [32mBuilding CXX object CMakeFiles/ros_gz_bridge.dir/src/convert/builtin_interfaces.cpp.o[0m
[2.897s] In file included from [01m[K/home/hasanu/susp_test/src/ros_gz/ros_gz_bridge/src/service_factories/ros_gz_interfaces.cpp:29[m[K:
[2.897s] [01m[K/home/hasanu/susp_test/src/ros_gz/ros_gz_bridge/include/ros_gz_bridge/convert/ros_gz_interfaces.hpp:50:10:[m[K [01;31m[Kfatal error: [m[Kros_gz_interfaces/msg/log_playback_statistics.hpp: No such file or directory
[2.897s]    50 | #include [01;31m[K<ros_gz_interfaces/msg/log_playback_statistics.hpp>[m[K
[2.897s]       |          [01;31m[K^~~~~~~~~~~~~~~~~~~~~~~~~~~~~~~~~~~~~~~~~~~~~~~~~~~[m[K
[2.897s] compilation terminated.
[2.913s] gmake[2]: *** [CMakeFiles/ros_gz_bridge.dir/build.make:251: CMakeFiles/ros_gz_bridge.dir/src/service_factories/ros_gz_interfaces.cpp.o] Error 1
[2.913s] gmake[2]: *** Waiting for unfinished jobs....
[3.085s] [ 16%] [32m[1mLinking CXX static library libgtest_main.a[0m
[3.415s] [ 16%] Built target gtest_main
[5.706s] [ 17%] [32m[1mLinking CXX static library libgtest.a[0m
[5.822s] [ 17%] Built target gtest
[5.854s] [ 18%] [32m[1mLinking CXX executable bridge_node[0m
[5.854s] [ 19%] [32mBuilding CXX object CMakeFiles/test_utils.dir/test/utils/gz_test_msg.cpp.o[0m
[5.854s] [ 20%] [32mBuilding CXX object CMakeFiles/ros_gz_bridge_gid_filtering.dir/test/test_gid_filtering.cpp.o[0m
[5.855s] [ 21%] [32mBuilding CXX object CMakeFiles/test_utils.dir/test/utils/ros_test_msg.cpp.o[0m
[5.862s] [ 22%] [32mBuilding CXX object CMakeFiles/test_rcl_interfaces.dir/src/convert/rcl_interfaces.cpp.o[0m
[5.863s] [ 23%] [32mBuilding CXX object CMakeFiles/test_rcl_interfaces.dir/src/convert/rcl_interfaces_TEST.cpp.o[0m
[6.176s] [ 23%] Built target bridge_node
[6.489s] In file included from [01m[K/home/hasanu/susp_test/src/ros_gz/ros_gz_bridge/test/utils/ros_test_msg.cpp:15[m[K:
[6.489s] [01m[K/home/hasanu/susp_test/src/ros_gz/ros_gz_bridge/test/utils/ros_test_msg.hpp:66:10:[m[K [01;31m[Kfatal error: [m[Kros_gz_interfaces/msg/log_playback_statistics.hpp: No such file or directory
[6.489s]    66 | #include [01;31m[K<ros_gz_interfaces/msg/log_playback_statistics.hpp>[m[K
[6.489s]       |          [01;31m[K^~~~~~~~~~~~~~~~~~~~~~~~~~~~~~~~~~~~~~~~~~~~~~~~~~~[m[K
[6.489s] compilation terminated.
[6.491s] gmake[2]: *** [CMakeFiles/test_utils.dir/build.make:90: CMakeFiles/test_utils.dir/test/utils/ros_test_msg.cpp.o] Error 1
[6.491s] gmake[2]: *** Waiting for unfinished jobs....
[7.526s] [ 24%] [32m[1mLinking CXX executable test_rcl_interfaces[0m
[7.605s] gmake[1]: *** [CMakeFiles/Makefile2:185: CMakeFiles/ros_gz_bridge.dir/all] Error 2
[7.606s] gmake[1]: *** Waiting for unfinished jobs....
[7.712s] [ 24%] Built target test_rcl_interfaces
[11.457s] gmake[1]: *** [CMakeFiles/Makefile2:370: CMakeFiles/test_utils.dir/all] Error 2
[12.919s] [ 25%] [32m[1mLinking CXX executable ros_gz_bridge_gid_filtering[0m
[13.212s] [ 25%] Built target ros_gz_bridge_gid_filtering
[13.213s] gmake: *** [Makefile:146: all] Error 2
[13.216s] Invoked command in '/home/hasanu/susp_test/src/build/ros_gz_bridge' returned '2': CMAKE_PREFIX_PATH=/opt/ros/humble /usr/bin/cmake --build /home/hasanu/susp_test/src/build/ros_gz_bridge -- -j12 -l12
