[0.572s] Invoking command in '/home/hasanu/susp_test/src/my_robot_controller': PYTHONPATH=/home/hasanu/susp_test/build/my_robot_controller/prefix_override:/usr/lib/python3/dist-packages/colcon_core/task/python/colcon_distutils_commands:/home/hasanu/susp_test/install/my_robot_controller/lib/python3.10/site-packages:${PYTHONPATH} /usr/bin/python3 -W ignore:setup.py install is deprecated -W ignore:easy_install command is deprecated setup.py egg_info --egg-base ../../build/my_robot_controller build --build-base /home/hasanu/susp_test/build/my_robot_controller/build install --record /home/hasanu/susp_test/build/my_robot_controller/install.log --single-version-externally-managed install_data
[0.787s] running egg_info
[0.788s] writing ../../build/my_robot_controller/my_robot_controller.egg-info/PKG-INFO
[0.788s] writing dependency_links to ../../build/my_robot_controller/my_robot_controller.egg-info/dependency_links.txt
[0.788s] writing entry points to ../../build/my_robot_controller/my_robot_controller.egg-info/entry_points.txt
[0.788s] writing requirements to ../../build/my_robot_controller/my_robot_controller.egg-info/requires.txt
[0.788s] writing top-level names to ../../build/my_robot_controller/my_robot_controller.egg-info/top_level.txt
[0.790s] reading manifest file '../../build/my_robot_controller/my_robot_controller.egg-info/SOURCES.txt'
[0.791s] writing manifest file '../../build/my_robot_controller/my_robot_controller.egg-info/SOURCES.txt'
[0.791s] running build
[0.791s] running build_py
[0.791s] copying my_robot_controller/fsf_control_old.py -> /home/hasanu/susp_test/build/my_robot_controller/build/lib/my_robot_controller
[0.792s] running install
[0.792s] running install_lib
[0.792s] copying /home/hasanu/susp_test/build/my_robot_controller/build/lib/my_robot_controller/fsf_control_old.py -> /home/hasanu/susp_test/install/my_robot_controller/lib/python3.10/site-packages/my_robot_controller
[0.793s] byte-compiling /home/hasanu/susp_test/install/my_robot_controller/lib/python3.10/site-packages/my_robot_controller/fsf_control_old.py to fsf_control_old.cpython-310.pyc
[0.794s] running install_data
[0.795s] running install_egg_info
[0.797s] removing '/home/hasanu/susp_test/install/my_robot_controller/lib/python3.10/site-packages/my_robot_controller-0.0.0-py3.10.egg-info' (and everything under it)
[0.797s] Copying ../../build/my_robot_controller/my_robot_controller.egg-info to /home/hasanu/susp_test/install/my_robot_controller/lib/python3.10/site-packages/my_robot_controller-0.0.0-py3.10.egg-info
[0.798s] running install_scripts
[0.814s] Installing active_suspension script to /home/hasanu/susp_test/install/my_robot_controller/lib/my_robot_controller
[0.815s] Installing dummy_driver script to /home/hasanu/susp_test/install/my_robot_controller/lib/my_robot_controller
[0.815s] Installing human_tracker script to /home/hasanu/susp_test/install/my_robot_controller/lib/my_robot_controller
[0.815s] Installing imufix_fsf script to /home/hasanu/susp_test/install/my_robot_controller/lib/my_robot_controller
[0.815s] Installing lets_dance script to /home/hasanu/susp_test/install/my_robot_controller/lib/my_robot_controller
[0.815s] Installing old_fsf script to /home/hasanu/susp_test/install/my_robot_controller/lib/my_robot_controller
[0.815s] Installing square_loop script to /home/hasanu/susp_test/install/my_robot_controller/lib/my_robot_controller
[0.816s] writing list of installed files to '/home/hasanu/susp_test/build/my_robot_controller/install.log'
[0.848s] Invoked command in '/home/hasanu/susp_test/src/my_robot_controller' returned '0': PYTHONPATH=/home/hasanu/susp_test/build/my_robot_controller/prefix_override:/usr/lib/python3/dist-packages/colcon_core/task/python/colcon_distutils_commands:/home/hasanu/susp_test/install/my_robot_controller/lib/python3.10/site-packages:${PYTHONPATH} /usr/bin/python3 -W ignore:setup.py install is deprecated -W ignore:easy_install command is deprecated setup.py egg_info --egg-base ../../build/my_robot_controller build --build-base /home/hasanu/susp_test/build/my_robot_controller/build install --record /home/hasanu/susp_test/build/my_robot_controller/install.log --single-version-externally-managed install_data
